<?xml version="1.0" encoding="UTF-8"?>
<!-- Generated by org.testng.reporters.JUnitReportReporter -->
<testsuite hostname="DESKTOP-8CPLQEC" failures="0" tests="2" name="com.actitime.test.CustomerModule" time="0.032" errors="0" timestamp="2023-08-26T12:55:30 IST" skipped="0">
  <testcase classname="com.actitime.test.CustomerModule" name="deleteCustomer" time="0.007"/>
  <system-out>
    <![CDATA[deletecustomer]]>
  </system-out>
  <testcase classname="com.actitime.test.CustomerModule" name="createCustomer" time="0.025"/>
  <system-out>
    <![CDATA[createcustomer]]>
  </system-out>
</testsuite> <!-- com.actitime.test.CustomerModule -->
